ARM GAS  /var/folders/5z/_9rkktvd05b3324pd1f03y0c0000gn/T//cc6KaYyY.s 			page 1


   1              		.cpu cortex-m3
   2              		.eabi_attribute 20, 1
   3              		.eabi_attribute 21, 1
   4              		.eabi_attribute 23, 3
   5              		.eabi_attribute 24, 1
   6              		.eabi_attribute 25, 1
   7              		.eabi_attribute 26, 1
   8              		.eabi_attribute 30, 1
   9              		.eabi_attribute 34, 1
  10              		.eabi_attribute 18, 4
  11              		.file	"spi.c"
  12              		.text
  13              	.Ltext0:
  14              		.cfi_sections	.debug_frame
  15              		.section	.text.MX_SPI1_Init,"ax",%progbits
  16              		.align	1
  17              		.global	MX_SPI1_Init
  18              		.syntax unified
  19              		.thumb
  20              		.thumb_func
  21              		.fpu softvfp
  23              	MX_SPI1_Init:
  24              	.LFB66:
  25              		.file 1 "Src/spi.c"
   1:Src/spi.c     **** /**
   2:Src/spi.c     ****   ******************************************************************************
   3:Src/spi.c     ****   * File Name          : SPI.c
   4:Src/spi.c     ****   * Description        : This file provides code for the configuration
   5:Src/spi.c     ****   *                      of the SPI instances.
   6:Src/spi.c     ****   ******************************************************************************
   7:Src/spi.c     ****   * @attention
   8:Src/spi.c     ****   *
   9:Src/spi.c     ****   * <h2><center>&copy; Copyright (c) 2019 STMicroelectronics.
  10:Src/spi.c     ****   * All rights reserved.</center></h2>
  11:Src/spi.c     ****   *
  12:Src/spi.c     ****   * This software component is licensed by ST under Ultimate Liberty license
  13:Src/spi.c     ****   * SLA0044, the "License"; You may not use this file except in compliance with
  14:Src/spi.c     ****   * the License. You may obtain a copy of the License at:
  15:Src/spi.c     ****   *                             www.st.com/SLA0044
  16:Src/spi.c     ****   *
  17:Src/spi.c     ****   ******************************************************************************
  18:Src/spi.c     ****   */
  19:Src/spi.c     **** 
  20:Src/spi.c     **** /* Includes ------------------------------------------------------------------*/
  21:Src/spi.c     **** #include "spi.h"
  22:Src/spi.c     **** 
  23:Src/spi.c     **** /* USER CODE BEGIN 0 */
  24:Src/spi.c     **** 
  25:Src/spi.c     **** /* USER CODE END 0 */
  26:Src/spi.c     **** 
  27:Src/spi.c     **** SPI_HandleTypeDef hspi1;
  28:Src/spi.c     **** 
  29:Src/spi.c     **** /* SPI1 init function */
  30:Src/spi.c     **** void MX_SPI1_Init(void)
  31:Src/spi.c     **** {
  26              		.loc 1 31 0
  27              		.cfi_startproc
ARM GAS  /var/folders/5z/_9rkktvd05b3324pd1f03y0c0000gn/T//cc6KaYyY.s 			page 2


  28              		@ args = 0, pretend = 0, frame = 0
  29              		@ frame_needed = 0, uses_anonymous_args = 0
  30 0000 08B5     		push	{r3, lr}
  31              	.LCFI0:
  32              		.cfi_def_cfa_offset 8
  33              		.cfi_offset 3, -8
  34              		.cfi_offset 14, -4
  32:Src/spi.c     **** 
  33:Src/spi.c     ****   hspi1.Instance = SPI1;
  35              		.loc 1 33 0
  36 0002 0E48     		ldr	r0, .L5
  37 0004 0E4B     		ldr	r3, .L5+4
  38 0006 0360     		str	r3, [r0]
  34:Src/spi.c     ****   hspi1.Init.Mode = SPI_MODE_MASTER;
  39              		.loc 1 34 0
  40 0008 4FF48273 		mov	r3, #260
  41 000c 4360     		str	r3, [r0, #4]
  35:Src/spi.c     ****   hspi1.Init.Direction = SPI_DIRECTION_2LINES;
  42              		.loc 1 35 0
  43 000e 0023     		movs	r3, #0
  44 0010 8360     		str	r3, [r0, #8]
  36:Src/spi.c     ****   hspi1.Init.DataSize = SPI_DATASIZE_8BIT;
  45              		.loc 1 36 0
  46 0012 C360     		str	r3, [r0, #12]
  37:Src/spi.c     ****   hspi1.Init.CLKPolarity = SPI_POLARITY_LOW;
  47              		.loc 1 37 0
  48 0014 0361     		str	r3, [r0, #16]
  38:Src/spi.c     ****   hspi1.Init.CLKPhase = SPI_PHASE_1EDGE;
  49              		.loc 1 38 0
  50 0016 4361     		str	r3, [r0, #20]
  39:Src/spi.c     ****   hspi1.Init.NSS = SPI_NSS_SOFT;
  51              		.loc 1 39 0
  52 0018 4FF40072 		mov	r2, #512
  53 001c 8261     		str	r2, [r0, #24]
  40:Src/spi.c     ****   hspi1.Init.BaudRatePrescaler = SPI_BAUDRATEPRESCALER_4;
  54              		.loc 1 40 0
  55 001e 0822     		movs	r2, #8
  56 0020 C261     		str	r2, [r0, #28]
  41:Src/spi.c     ****   hspi1.Init.FirstBit = SPI_FIRSTBIT_MSB;
  57              		.loc 1 41 0
  58 0022 0362     		str	r3, [r0, #32]
  42:Src/spi.c     ****   hspi1.Init.TIMode = SPI_TIMODE_DISABLE;
  59              		.loc 1 42 0
  60 0024 4362     		str	r3, [r0, #36]
  43:Src/spi.c     ****   hspi1.Init.CRCCalculation = SPI_CRCCALCULATION_DISABLE;
  61              		.loc 1 43 0
  62 0026 8362     		str	r3, [r0, #40]
  44:Src/spi.c     ****   hspi1.Init.CRCPolynomial = 10;
  63              		.loc 1 44 0
  64 0028 0A23     		movs	r3, #10
  65 002a C362     		str	r3, [r0, #44]
  45:Src/spi.c     ****   if (HAL_SPI_Init(&hspi1) != HAL_OK)
  66              		.loc 1 45 0
  67 002c FFF7FEFF 		bl	HAL_SPI_Init
  68              	.LVL0:
  69 0030 00B9     		cbnz	r0, .L4
  70              	.L1:
ARM GAS  /var/folders/5z/_9rkktvd05b3324pd1f03y0c0000gn/T//cc6KaYyY.s 			page 3


  46:Src/spi.c     ****   {
  47:Src/spi.c     ****     Error_Handler();
  48:Src/spi.c     ****   }
  49:Src/spi.c     **** 
  50:Src/spi.c     **** }
  71              		.loc 1 50 0
  72 0032 08BD     		pop	{r3, pc}
  73              	.L4:
  47:Src/spi.c     ****   }
  74              		.loc 1 47 0
  75 0034 FFF7FEFF 		bl	Error_Handler
  76              	.LVL1:
  77              		.loc 1 50 0
  78 0038 FBE7     		b	.L1
  79              	.L6:
  80 003a 00BF     		.align	2
  81              	.L5:
  82 003c 00000000 		.word	hspi1
  83 0040 00300140 		.word	1073819648
  84              		.cfi_endproc
  85              	.LFE66:
  87              		.section	.text.HAL_SPI_MspInit,"ax",%progbits
  88              		.align	1
  89              		.global	HAL_SPI_MspInit
  90              		.syntax unified
  91              		.thumb
  92              		.thumb_func
  93              		.fpu softvfp
  95              	HAL_SPI_MspInit:
  96              	.LFB67:
  51:Src/spi.c     **** 
  52:Src/spi.c     **** void HAL_SPI_MspInit(SPI_HandleTypeDef* spiHandle)
  53:Src/spi.c     **** {
  97              		.loc 1 53 0
  98              		.cfi_startproc
  99              		@ args = 0, pretend = 0, frame = 24
 100              		@ frame_needed = 0, uses_anonymous_args = 0
 101              	.LVL2:
 102 0000 30B5     		push	{r4, r5, lr}
 103              	.LCFI1:
 104              		.cfi_def_cfa_offset 12
 105              		.cfi_offset 4, -12
 106              		.cfi_offset 5, -8
 107              		.cfi_offset 14, -4
 108 0002 87B0     		sub	sp, sp, #28
 109              	.LCFI2:
 110              		.cfi_def_cfa_offset 40
  54:Src/spi.c     **** 
  55:Src/spi.c     ****   GPIO_InitTypeDef GPIO_InitStruct = {0};
 111              		.loc 1 55 0
 112 0004 0023     		movs	r3, #0
 113 0006 0293     		str	r3, [sp, #8]
 114 0008 0393     		str	r3, [sp, #12]
 115 000a 0493     		str	r3, [sp, #16]
 116 000c 0593     		str	r3, [sp, #20]
  56:Src/spi.c     ****   if(spiHandle->Instance==SPI1)
 117              		.loc 1 56 0
ARM GAS  /var/folders/5z/_9rkktvd05b3324pd1f03y0c0000gn/T//cc6KaYyY.s 			page 4


 118 000e 0268     		ldr	r2, [r0]
 119 0010 1A4B     		ldr	r3, .L11
 120 0012 9A42     		cmp	r2, r3
 121 0014 01D0     		beq	.L10
 122              	.LVL3:
 123              	.L7:
  57:Src/spi.c     ****   {
  58:Src/spi.c     ****   /* USER CODE BEGIN SPI1_MspInit 0 */
  59:Src/spi.c     **** 
  60:Src/spi.c     ****   /* USER CODE END SPI1_MspInit 0 */
  61:Src/spi.c     ****     /* SPI1 clock enable */
  62:Src/spi.c     ****     __HAL_RCC_SPI1_CLK_ENABLE();
  63:Src/spi.c     ****   
  64:Src/spi.c     ****     __HAL_RCC_GPIOA_CLK_ENABLE();
  65:Src/spi.c     ****     /**SPI1 GPIO Configuration    
  66:Src/spi.c     ****     PA5     ------> SPI1_SCK
  67:Src/spi.c     ****     PA6     ------> SPI1_MISO
  68:Src/spi.c     ****     PA7     ------> SPI1_MOSI 
  69:Src/spi.c     ****     */
  70:Src/spi.c     ****     GPIO_InitStruct.Pin = GPIO_PIN_5|GPIO_PIN_7;
  71:Src/spi.c     ****     GPIO_InitStruct.Mode = GPIO_MODE_AF_PP;
  72:Src/spi.c     ****     GPIO_InitStruct.Speed = GPIO_SPEED_FREQ_HIGH;
  73:Src/spi.c     ****     HAL_GPIO_Init(GPIOA, &GPIO_InitStruct);
  74:Src/spi.c     **** 
  75:Src/spi.c     ****     GPIO_InitStruct.Pin = GPIO_PIN_6;
  76:Src/spi.c     ****     GPIO_InitStruct.Mode = GPIO_MODE_INPUT;
  77:Src/spi.c     ****     GPIO_InitStruct.Pull = GPIO_NOPULL;
  78:Src/spi.c     ****     HAL_GPIO_Init(GPIOA, &GPIO_InitStruct);
  79:Src/spi.c     **** 
  80:Src/spi.c     ****     /* SPI1 interrupt Init */
  81:Src/spi.c     ****     HAL_NVIC_SetPriority(SPI1_IRQn, 0, 0);
  82:Src/spi.c     ****     HAL_NVIC_EnableIRQ(SPI1_IRQn);
  83:Src/spi.c     ****   /* USER CODE BEGIN SPI1_MspInit 1 */
  84:Src/spi.c     **** 
  85:Src/spi.c     ****   /* USER CODE END SPI1_MspInit 1 */
  86:Src/spi.c     ****   }
  87:Src/spi.c     **** }
 124              		.loc 1 87 0
 125 0016 07B0     		add	sp, sp, #28
 126              	.LCFI3:
 127              		.cfi_remember_state
 128              		.cfi_def_cfa_offset 12
 129              		@ sp needed
 130 0018 30BD     		pop	{r4, r5, pc}
 131              	.LVL4:
 132              	.L10:
 133              	.LCFI4:
 134              		.cfi_restore_state
 135              	.LBB2:
  62:Src/spi.c     ****   
 136              		.loc 1 62 0
 137 001a 03F56043 		add	r3, r3, #57344
 138 001e 9A69     		ldr	r2, [r3, #24]
 139 0020 42F48052 		orr	r2, r2, #4096
 140 0024 9A61     		str	r2, [r3, #24]
 141 0026 9A69     		ldr	r2, [r3, #24]
 142 0028 02F48052 		and	r2, r2, #4096
ARM GAS  /var/folders/5z/_9rkktvd05b3324pd1f03y0c0000gn/T//cc6KaYyY.s 			page 5


 143 002c 0092     		str	r2, [sp]
 144 002e 009A     		ldr	r2, [sp]
 145              	.LBE2:
 146              	.LBB3:
  64:Src/spi.c     ****     /**SPI1 GPIO Configuration    
 147              		.loc 1 64 0
 148 0030 9A69     		ldr	r2, [r3, #24]
 149 0032 42F00402 		orr	r2, r2, #4
 150 0036 9A61     		str	r2, [r3, #24]
 151 0038 9B69     		ldr	r3, [r3, #24]
 152 003a 03F00403 		and	r3, r3, #4
 153 003e 0193     		str	r3, [sp, #4]
 154 0040 019B     		ldr	r3, [sp, #4]
 155              	.LBE3:
  70:Src/spi.c     ****     GPIO_InitStruct.Mode = GPIO_MODE_AF_PP;
 156              		.loc 1 70 0
 157 0042 A023     		movs	r3, #160
 158 0044 0293     		str	r3, [sp, #8]
  71:Src/spi.c     ****     GPIO_InitStruct.Speed = GPIO_SPEED_FREQ_HIGH;
 159              		.loc 1 71 0
 160 0046 0223     		movs	r3, #2
 161 0048 0393     		str	r3, [sp, #12]
  72:Src/spi.c     ****     HAL_GPIO_Init(GPIOA, &GPIO_InitStruct);
 162              		.loc 1 72 0
 163 004a 0323     		movs	r3, #3
 164 004c 0593     		str	r3, [sp, #20]
  73:Src/spi.c     **** 
 165              		.loc 1 73 0
 166 004e 0C4D     		ldr	r5, .L11+4
 167 0050 02A9     		add	r1, sp, #8
 168 0052 2846     		mov	r0, r5
 169              	.LVL5:
 170 0054 FFF7FEFF 		bl	HAL_GPIO_Init
 171              	.LVL6:
  75:Src/spi.c     ****     GPIO_InitStruct.Mode = GPIO_MODE_INPUT;
 172              		.loc 1 75 0
 173 0058 4023     		movs	r3, #64
 174 005a 0293     		str	r3, [sp, #8]
  76:Src/spi.c     ****     GPIO_InitStruct.Pull = GPIO_NOPULL;
 175              		.loc 1 76 0
 176 005c 0024     		movs	r4, #0
 177 005e 0394     		str	r4, [sp, #12]
  77:Src/spi.c     ****     HAL_GPIO_Init(GPIOA, &GPIO_InitStruct);
 178              		.loc 1 77 0
 179 0060 0494     		str	r4, [sp, #16]
  78:Src/spi.c     **** 
 180              		.loc 1 78 0
 181 0062 02A9     		add	r1, sp, #8
 182 0064 2846     		mov	r0, r5
 183 0066 FFF7FEFF 		bl	HAL_GPIO_Init
 184              	.LVL7:
  81:Src/spi.c     ****     HAL_NVIC_EnableIRQ(SPI1_IRQn);
 185              		.loc 1 81 0
 186 006a 2246     		mov	r2, r4
 187 006c 2146     		mov	r1, r4
 188 006e 2320     		movs	r0, #35
 189 0070 FFF7FEFF 		bl	HAL_NVIC_SetPriority
ARM GAS  /var/folders/5z/_9rkktvd05b3324pd1f03y0c0000gn/T//cc6KaYyY.s 			page 6


 190              	.LVL8:
  82:Src/spi.c     ****   /* USER CODE BEGIN SPI1_MspInit 1 */
 191              		.loc 1 82 0
 192 0074 2320     		movs	r0, #35
 193 0076 FFF7FEFF 		bl	HAL_NVIC_EnableIRQ
 194              	.LVL9:
 195              		.loc 1 87 0
 196 007a CCE7     		b	.L7
 197              	.L12:
 198              		.align	2
 199              	.L11:
 200 007c 00300140 		.word	1073819648
 201 0080 00080140 		.word	1073809408
 202              		.cfi_endproc
 203              	.LFE67:
 205              		.section	.text.HAL_SPI_MspDeInit,"ax",%progbits
 206              		.align	1
 207              		.global	HAL_SPI_MspDeInit
 208              		.syntax unified
 209              		.thumb
 210              		.thumb_func
 211              		.fpu softvfp
 213              	HAL_SPI_MspDeInit:
 214              	.LFB68:
  88:Src/spi.c     **** 
  89:Src/spi.c     **** void HAL_SPI_MspDeInit(SPI_HandleTypeDef* spiHandle)
  90:Src/spi.c     **** {
 215              		.loc 1 90 0
 216              		.cfi_startproc
 217              		@ args = 0, pretend = 0, frame = 0
 218              		@ frame_needed = 0, uses_anonymous_args = 0
 219              	.LVL10:
 220 0000 08B5     		push	{r3, lr}
 221              	.LCFI5:
 222              		.cfi_def_cfa_offset 8
 223              		.cfi_offset 3, -8
 224              		.cfi_offset 14, -4
  91:Src/spi.c     **** 
  92:Src/spi.c     ****   if(spiHandle->Instance==SPI1)
 225              		.loc 1 92 0
 226 0002 0268     		ldr	r2, [r0]
 227 0004 084B     		ldr	r3, .L17
 228 0006 9A42     		cmp	r2, r3
 229 0008 00D0     		beq	.L16
 230              	.LVL11:
 231              	.L13:
  93:Src/spi.c     ****   {
  94:Src/spi.c     ****   /* USER CODE BEGIN SPI1_MspDeInit 0 */
  95:Src/spi.c     **** 
  96:Src/spi.c     ****   /* USER CODE END SPI1_MspDeInit 0 */
  97:Src/spi.c     ****     /* Peripheral clock disable */
  98:Src/spi.c     ****     __HAL_RCC_SPI1_CLK_DISABLE();
  99:Src/spi.c     ****   
 100:Src/spi.c     ****     /**SPI1 GPIO Configuration    
 101:Src/spi.c     ****     PA5     ------> SPI1_SCK
 102:Src/spi.c     ****     PA6     ------> SPI1_MISO
 103:Src/spi.c     ****     PA7     ------> SPI1_MOSI 
ARM GAS  /var/folders/5z/_9rkktvd05b3324pd1f03y0c0000gn/T//cc6KaYyY.s 			page 7


 104:Src/spi.c     ****     */
 105:Src/spi.c     ****     HAL_GPIO_DeInit(GPIOA, GPIO_PIN_5|GPIO_PIN_6|GPIO_PIN_7);
 106:Src/spi.c     **** 
 107:Src/spi.c     ****     /* SPI1 interrupt Deinit */
 108:Src/spi.c     ****     HAL_NVIC_DisableIRQ(SPI1_IRQn);
 109:Src/spi.c     ****   /* USER CODE BEGIN SPI1_MspDeInit 1 */
 110:Src/spi.c     **** 
 111:Src/spi.c     ****   /* USER CODE END SPI1_MspDeInit 1 */
 112:Src/spi.c     ****   }
 113:Src/spi.c     **** } 
 232              		.loc 1 113 0
 233 000a 08BD     		pop	{r3, pc}
 234              	.LVL12:
 235              	.L16:
  98:Src/spi.c     ****   
 236              		.loc 1 98 0
 237 000c 074A     		ldr	r2, .L17+4
 238 000e 9369     		ldr	r3, [r2, #24]
 239 0010 23F48053 		bic	r3, r3, #4096
 240 0014 9361     		str	r3, [r2, #24]
 105:Src/spi.c     **** 
 241              		.loc 1 105 0
 242 0016 E021     		movs	r1, #224
 243 0018 0548     		ldr	r0, .L17+8
 244              	.LVL13:
 245 001a FFF7FEFF 		bl	HAL_GPIO_DeInit
 246              	.LVL14:
 108:Src/spi.c     ****   /* USER CODE BEGIN SPI1_MspDeInit 1 */
 247              		.loc 1 108 0
 248 001e 2320     		movs	r0, #35
 249 0020 FFF7FEFF 		bl	HAL_NVIC_DisableIRQ
 250              	.LVL15:
 251              		.loc 1 113 0
 252 0024 F1E7     		b	.L13
 253              	.L18:
 254 0026 00BF     		.align	2
 255              	.L17:
 256 0028 00300140 		.word	1073819648
 257 002c 00100240 		.word	1073876992
 258 0030 00080140 		.word	1073809408
 259              		.cfi_endproc
 260              	.LFE68:
 262              		.comm	hspi1,88,4
 263              		.text
 264              	.Letext0:
 265              		.file 2 "/Users/jason/CMDTools/gcc-arm-none-eabi/arm-none-eabi/include/machine/_default_types.h"
 266              		.file 3 "/Users/jason/CMDTools/gcc-arm-none-eabi/arm-none-eabi/include/sys/_stdint.h"
 267              		.file 4 "Drivers/CMSIS/Include/core_cm3.h"
 268              		.file 5 "Drivers/CMSIS/Device/ST/STM32F1xx/Include/system_stm32f1xx.h"
 269              		.file 6 "Drivers/CMSIS/Device/ST/STM32F1xx/Include/stm32f103xb.h"
 270              		.file 7 "/Users/jason/CMDTools/gcc-arm-none-eabi/arm-none-eabi/include/sys/lock.h"
 271              		.file 8 "/Users/jason/CMDTools/gcc-arm-none-eabi/arm-none-eabi/include/sys/_types.h"
 272              		.file 9 "/Users/jason/CMDTools/gcc-arm-none-eabi/lib/gcc/arm-none-eabi/7.2.1/include/stddef.h"
 273              		.file 10 "/Users/jason/CMDTools/gcc-arm-none-eabi/arm-none-eabi/include/sys/reent.h"
 274              		.file 11 "Drivers/STM32F1xx_HAL_Driver/Inc/stm32f1xx_hal_def.h"
 275              		.file 12 "Drivers/STM32F1xx_HAL_Driver/Inc/stm32f1xx_hal_gpio.h"
 276              		.file 13 "Drivers/STM32F1xx_HAL_Driver/Inc/stm32f1xx_hal_dma.h"
ARM GAS  /var/folders/5z/_9rkktvd05b3324pd1f03y0c0000gn/T//cc6KaYyY.s 			page 8


 277              		.file 14 "Drivers/STM32F1xx_HAL_Driver/Inc/stm32f1xx_hal_spi.h"
 278              		.file 15 "Drivers/STM32F1xx_HAL_Driver/Inc/stm32f1xx_hal.h"
 279              		.file 16 "Inc/spi.h"
 280              		.file 17 "Drivers/STM32F1xx_HAL_Driver/Inc/stm32f1xx_hal_cortex.h"
 281              		.file 18 "Inc/main.h"
ARM GAS  /var/folders/5z/_9rkktvd05b3324pd1f03y0c0000gn/T//cc6KaYyY.s 			page 9


DEFINED SYMBOLS
                            *ABS*:0000000000000000 spi.c
/var/folders/5z/_9rkktvd05b3324pd1f03y0c0000gn/T//cc6KaYyY.s:16     .text.MX_SPI1_Init:0000000000000000 $t
/var/folders/5z/_9rkktvd05b3324pd1f03y0c0000gn/T//cc6KaYyY.s:23     .text.MX_SPI1_Init:0000000000000000 MX_SPI1_Init
/var/folders/5z/_9rkktvd05b3324pd1f03y0c0000gn/T//cc6KaYyY.s:82     .text.MX_SPI1_Init:000000000000003c $d
                            *COM*:0000000000000058 hspi1
/var/folders/5z/_9rkktvd05b3324pd1f03y0c0000gn/T//cc6KaYyY.s:88     .text.HAL_SPI_MspInit:0000000000000000 $t
/var/folders/5z/_9rkktvd05b3324pd1f03y0c0000gn/T//cc6KaYyY.s:95     .text.HAL_SPI_MspInit:0000000000000000 HAL_SPI_MspInit
/var/folders/5z/_9rkktvd05b3324pd1f03y0c0000gn/T//cc6KaYyY.s:200    .text.HAL_SPI_MspInit:000000000000007c $d
/var/folders/5z/_9rkktvd05b3324pd1f03y0c0000gn/T//cc6KaYyY.s:206    .text.HAL_SPI_MspDeInit:0000000000000000 $t
/var/folders/5z/_9rkktvd05b3324pd1f03y0c0000gn/T//cc6KaYyY.s:213    .text.HAL_SPI_MspDeInit:0000000000000000 HAL_SPI_MspDeInit
/var/folders/5z/_9rkktvd05b3324pd1f03y0c0000gn/T//cc6KaYyY.s:256    .text.HAL_SPI_MspDeInit:0000000000000028 $d

UNDEFINED SYMBOLS
HAL_SPI_Init
Error_Handler
HAL_GPIO_Init
HAL_NVIC_SetPriority
HAL_NVIC_EnableIRQ
HAL_GPIO_DeInit
HAL_NVIC_DisableIRQ
