ARM GAS  /var/folders/5z/_9rkktvd05b3324pd1f03y0c0000gn/T//ccaabMgH.s 			page 1


   1              		.cpu cortex-m3
   2              		.eabi_attribute 20, 1
   3              		.eabi_attribute 21, 1
   4              		.eabi_attribute 23, 3
   5              		.eabi_attribute 24, 1
   6              		.eabi_attribute 25, 1
   7              		.eabi_attribute 26, 1
   8              		.eabi_attribute 30, 1
   9              		.eabi_attribute 34, 1
  10              		.eabi_attribute 18, 4
  11              		.file	"usb_device.c"
  12              		.text
  13              	.Ltext0:
  14              		.cfi_sections	.debug_frame
  15              		.section	.text.MX_USB_DEVICE_Init,"ax",%progbits
  16              		.align	1
  17              		.global	MX_USB_DEVICE_Init
  18              		.syntax unified
  19              		.thumb
  20              		.thumb_func
  21              		.fpu softvfp
  23              	MX_USB_DEVICE_Init:
  24              	.LFB66:
  25              		.file 1 "Src/usb_device.c"
   1:Src/usb_device.c **** /* USER CODE BEGIN Header */
   2:Src/usb_device.c **** /**
   3:Src/usb_device.c ****   ******************************************************************************
   4:Src/usb_device.c ****   * @file           : usb_device.c
   5:Src/usb_device.c ****   * @version        : v2.0_Cube
   6:Src/usb_device.c ****   * @brief          : This file implements the USB Device
   7:Src/usb_device.c ****   ******************************************************************************
   8:Src/usb_device.c ****   * @attention
   9:Src/usb_device.c ****   *
  10:Src/usb_device.c ****   * <h2><center>&copy; Copyright (c) 2019 STMicroelectronics.
  11:Src/usb_device.c ****   * All rights reserved.</center></h2>
  12:Src/usb_device.c ****   *
  13:Src/usb_device.c ****   * This software component is licensed by ST under Ultimate Liberty license
  14:Src/usb_device.c ****   * SLA0044, the "License"; You may not use this file except in compliance with
  15:Src/usb_device.c ****   * the License. You may obtain a copy of the License at:
  16:Src/usb_device.c ****   *                             www.st.com/SLA0044
  17:Src/usb_device.c ****   *
  18:Src/usb_device.c ****   ******************************************************************************
  19:Src/usb_device.c ****   */
  20:Src/usb_device.c **** /* USER CODE END Header */
  21:Src/usb_device.c **** 
  22:Src/usb_device.c **** /* Includes ------------------------------------------------------------------*/
  23:Src/usb_device.c **** 
  24:Src/usb_device.c **** #include "usb_device.h"
  25:Src/usb_device.c **** #include "usbd_core.h"
  26:Src/usb_device.c **** #include "usbd_desc.h"
  27:Src/usb_device.c **** #include "usbd_hid.h"
  28:Src/usb_device.c **** 
  29:Src/usb_device.c **** /* USER CODE BEGIN Includes */
  30:Src/usb_device.c **** 
  31:Src/usb_device.c **** /* USER CODE END Includes */
  32:Src/usb_device.c **** 
  33:Src/usb_device.c **** /* USER CODE BEGIN PV */
ARM GAS  /var/folders/5z/_9rkktvd05b3324pd1f03y0c0000gn/T//ccaabMgH.s 			page 2


  34:Src/usb_device.c **** /* Private variables ---------------------------------------------------------*/
  35:Src/usb_device.c **** 
  36:Src/usb_device.c **** /* USER CODE END PV */
  37:Src/usb_device.c **** 
  38:Src/usb_device.c **** /* USER CODE BEGIN PFP */
  39:Src/usb_device.c **** /* Private function prototypes -----------------------------------------------*/
  40:Src/usb_device.c **** 
  41:Src/usb_device.c **** /* USER CODE END PFP */
  42:Src/usb_device.c **** 
  43:Src/usb_device.c **** /* USB Device Core handle declaration. */
  44:Src/usb_device.c **** USBD_HandleTypeDef hUsbDeviceFS;
  45:Src/usb_device.c **** 
  46:Src/usb_device.c **** /*
  47:Src/usb_device.c ****  * -- Insert your variables declaration here --
  48:Src/usb_device.c ****  */
  49:Src/usb_device.c **** /* USER CODE BEGIN 0 */
  50:Src/usb_device.c **** 
  51:Src/usb_device.c **** /* USER CODE END 0 */
  52:Src/usb_device.c **** 
  53:Src/usb_device.c **** /*
  54:Src/usb_device.c ****  * -- Insert your external function declaration here --
  55:Src/usb_device.c ****  */
  56:Src/usb_device.c **** /* USER CODE BEGIN 1 */
  57:Src/usb_device.c **** 
  58:Src/usb_device.c **** /* USER CODE END 1 */
  59:Src/usb_device.c **** 
  60:Src/usb_device.c **** /**
  61:Src/usb_device.c ****   * Init USB device Library, add supported class and start the library
  62:Src/usb_device.c ****   * @retval None
  63:Src/usb_device.c ****   */
  64:Src/usb_device.c **** void MX_USB_DEVICE_Init(void)
  65:Src/usb_device.c **** {
  26              		.loc 1 65 0
  27              		.cfi_startproc
  28              		@ args = 0, pretend = 0, frame = 0
  29              		@ frame_needed = 0, uses_anonymous_args = 0
  30 0000 08B5     		push	{r3, lr}
  31              	.LCFI0:
  32              		.cfi_def_cfa_offset 8
  33              		.cfi_offset 3, -8
  34              		.cfi_offset 14, -4
  66:Src/usb_device.c ****   /* USER CODE BEGIN USB_DEVICE_Init_PreTreatment */
  67:Src/usb_device.c ****   
  68:Src/usb_device.c ****   /* USER CODE END USB_DEVICE_Init_PreTreatment */
  69:Src/usb_device.c ****   
  70:Src/usb_device.c ****   /* Init Device Library, add supported class and start the library. */
  71:Src/usb_device.c ****   if (USBD_Init(&hUsbDeviceFS, &FS_Desc, DEVICE_FS) != USBD_OK)
  35              		.loc 1 71 0
  36 0002 0022     		movs	r2, #0
  37 0004 0B49     		ldr	r1, .L9
  38 0006 0C48     		ldr	r0, .L9+4
  39 0008 FFF7FEFF 		bl	USBD_Init
  40              	.LVL0:
  41 000c 48B9     		cbnz	r0, .L6
  42              	.L2:
  72:Src/usb_device.c ****   {
  73:Src/usb_device.c ****     Error_Handler();
ARM GAS  /var/folders/5z/_9rkktvd05b3324pd1f03y0c0000gn/T//ccaabMgH.s 			page 3


  74:Src/usb_device.c ****   }
  75:Src/usb_device.c ****   if (USBD_RegisterClass(&hUsbDeviceFS, &USBD_HID) != USBD_OK)
  43              		.loc 1 75 0
  44 000e 0B49     		ldr	r1, .L9+8
  45 0010 0948     		ldr	r0, .L9+4
  46 0012 FFF7FEFF 		bl	USBD_RegisterClass
  47              	.LVL1:
  48 0016 38B9     		cbnz	r0, .L7
  49              	.L3:
  76:Src/usb_device.c ****   {
  77:Src/usb_device.c ****     Error_Handler();
  78:Src/usb_device.c ****   }
  79:Src/usb_device.c ****   if (USBD_Start(&hUsbDeviceFS) != USBD_OK)
  50              		.loc 1 79 0
  51 0018 0748     		ldr	r0, .L9+4
  52 001a FFF7FEFF 		bl	USBD_Start
  53              	.LVL2:
  54 001e 30B9     		cbnz	r0, .L8
  55              	.L1:
  80:Src/usb_device.c ****   {
  81:Src/usb_device.c ****     Error_Handler();
  82:Src/usb_device.c ****   }
  83:Src/usb_device.c **** 
  84:Src/usb_device.c ****   /* USER CODE BEGIN USB_DEVICE_Init_PostTreatment */
  85:Src/usb_device.c ****   
  86:Src/usb_device.c ****   /* USER CODE END USB_DEVICE_Init_PostTreatment */
  87:Src/usb_device.c **** }
  56              		.loc 1 87 0
  57 0020 08BD     		pop	{r3, pc}
  58              	.L6:
  73:Src/usb_device.c ****   }
  59              		.loc 1 73 0
  60 0022 FFF7FEFF 		bl	Error_Handler
  61              	.LVL3:
  62 0026 F2E7     		b	.L2
  63              	.L7:
  77:Src/usb_device.c ****   }
  64              		.loc 1 77 0
  65 0028 FFF7FEFF 		bl	Error_Handler
  66              	.LVL4:
  67 002c F4E7     		b	.L3
  68              	.L8:
  81:Src/usb_device.c ****   }
  69              		.loc 1 81 0
  70 002e FFF7FEFF 		bl	Error_Handler
  71              	.LVL5:
  72              		.loc 1 87 0
  73 0032 F5E7     		b	.L1
  74              	.L10:
  75              		.align	2
  76              	.L9:
  77 0034 00000000 		.word	FS_Desc
  78 0038 00000000 		.word	hUsbDeviceFS
  79 003c 00000000 		.word	USBD_HID
  80              		.cfi_endproc
  81              	.LFE66:
  83              		.comm	hUsbDeviceFS,548,4
ARM GAS  /var/folders/5z/_9rkktvd05b3324pd1f03y0c0000gn/T//ccaabMgH.s 			page 4


  84              		.text
  85              	.Letext0:
  86              		.file 2 "/Users/jason/CMDTools/gcc-arm-none-eabi/arm-none-eabi/include/machine/_default_types.h"
  87              		.file 3 "/Users/jason/CMDTools/gcc-arm-none-eabi/arm-none-eabi/include/sys/_stdint.h"
  88              		.file 4 "Drivers/CMSIS/Include/core_cm3.h"
  89              		.file 5 "Drivers/CMSIS/Device/ST/STM32F1xx/Include/system_stm32f1xx.h"
  90              		.file 6 "/Users/jason/CMDTools/gcc-arm-none-eabi/arm-none-eabi/include/sys/lock.h"
  91              		.file 7 "/Users/jason/CMDTools/gcc-arm-none-eabi/arm-none-eabi/include/sys/_types.h"
  92              		.file 8 "/Users/jason/CMDTools/gcc-arm-none-eabi/lib/gcc/arm-none-eabi/7.2.1/include/stddef.h"
  93              		.file 9 "/Users/jason/CMDTools/gcc-arm-none-eabi/arm-none-eabi/include/sys/reent.h"
  94              		.file 10 "Drivers/STM32F1xx_HAL_Driver/Inc/stm32f1xx_hal.h"
  95              		.file 11 "/Users/jason/CMDTools/gcc-arm-none-eabi/arm-none-eabi/include/stdlib.h"
  96              		.file 12 "Middlewares/ST/STM32_USB_Device_Library/Core/Inc/usbd_def.h"
  97              		.file 13 "Inc/usbd_desc.h"
  98              		.file 14 "Middlewares/ST/STM32_USB_Device_Library/Class/HID/Inc/usbd_hid.h"
  99              		.file 15 "Middlewares/ST/STM32_USB_Device_Library/Core/Inc/usbd_core.h"
 100              		.file 16 "Inc/main.h"
ARM GAS  /var/folders/5z/_9rkktvd05b3324pd1f03y0c0000gn/T//ccaabMgH.s 			page 5


DEFINED SYMBOLS
                            *ABS*:0000000000000000 usb_device.c
/var/folders/5z/_9rkktvd05b3324pd1f03y0c0000gn/T//ccaabMgH.s:16     .text.MX_USB_DEVICE_Init:0000000000000000 $t
/var/folders/5z/_9rkktvd05b3324pd1f03y0c0000gn/T//ccaabMgH.s:23     .text.MX_USB_DEVICE_Init:0000000000000000 MX_USB_DEVICE_Init
/var/folders/5z/_9rkktvd05b3324pd1f03y0c0000gn/T//ccaabMgH.s:77     .text.MX_USB_DEVICE_Init:0000000000000034 $d
                            *COM*:0000000000000224 hUsbDeviceFS

UNDEFINED SYMBOLS
USBD_Init
USBD_RegisterClass
USBD_Start
Error_Handler
FS_Desc
USBD_HID
